#
# There is insufficient memory for the Java Runtime Environment to continue.
# Native memory allocation (malloc) failed to allocate 1346256 bytes. Error detail: Chunk::new
# Possible reasons:
#   The system is out of physical RAM or swap space
#   This process is running with CompressedOops enabled, and the Java Heap may be blocking the growth of the native heap
# Possible solutions:
#   Reduce memory load on the system
#   Increase physical memory or swap space
#   Check if swap backing store is full
#   Decrease Java heap size (-Xmx/-Xms)
#   Decrease number of Java threads
#   Decrease Java thread stack sizes (-Xss)
#   Set larger code cache with -XX:ReservedCodeCacheSize=
#   JVM is running with Unscaled Compressed Oops mode in which the Java heap is
#     placed in the first 4GB address space. The Java Heap base address is the
#     maximum limit for the native heap growth. Please use -XX:HeapBaseMinAddress
#     to set the Java Heap base and to place the Java Heap above 4GB virtual address.
# This output file may be truncated or incomplete.
#
#  Out of Memory Error (arena.cpp:150), pid=41472, tid=34080
#
# JRE version: OpenJDK Runtime Environment (22.0.1+8) (build 22.0.1+8-16)
# Java VM: OpenJDK 64-Bit Server VM (22.0.1+8-16, mixed mode, sharing, tiered, compressed oops, compressed class ptrs, g1 gc, windows-amd64)
# No core dump will be written. Minidumps are not enabled by default on client versions of Windows
#

---------------  S U M M A R Y ------------

Command Line: -javaagent:C:\Program Files\JetBrains\IntelliJ IDEA Community Edition 2024.1.4\lib\idea_rt.jar=64370:C:\Program Files\JetBrains\IntelliJ IDEA Community Edition 2024.1.4\bin -Dfile.encoding=UTF-8 -Dsun.stdout.encoding=UTF-8 -Dsun.stderr.encoding=UTF-8 com.springSecurity.Spring.security.fundamentals.SpringSecurityFundamentalsApplication

Host: 11th Gen Intel(R) Core(TM) i5-11400H @ 2.70GHz, 12 cores, 7G,  Windows 11 , 64 bit Build 22621 (10.0.22621.3958)
Time: Tue Aug 27 12:41:00 2024 Eastern Daylight Time elapsed time: 261.092341 seconds (0d 0h 4m 21s)

---------------  T H R E A D  ---------------

Current thread (0x0000029cffcc0540):  JavaThread "C2 CompilerThread0" daemon [_thread_in_native, id=34080, stack(0x000000ce33400000,0x000000ce33500000) (1024K)]


Current CompileTask:
C2:261092 5337       4       org.springframework.beans.factory.support.AbstractBeanFactory::isTypeMatch (745 bytes)

Stack: [0x000000ce33400000,0x000000ce33500000]
Native frames: (J=compiled Java code, j=interpreted, Vv=VM code, C=native code)
V  [jvm.dll+0x6e2279]  (no source info available)
V  [jvm.dll+0x874e33]  (no source info available)
V  [jvm.dll+0x87725e]  (no source info available)
V  [jvm.dll+0x877933]  (no source info available)
V  [jvm.dll+0x27fd76]  (no source info available)
V  [jvm.dll+0xc3d0f]  (no source info available)
V  [jvm.dll+0xc3f6b]  (no source info available)
V  [jvm.dll+0x2f3c2f]  (no source info available)
V  [jvm.dll+0x60bc9a]  (no source info available)
V  [jvm.dll+0x249a35]  (no source info available)
V  [jvm.dll+0x246ec6]  (no source info available)
V  [jvm.dll+0x1c4e90]  (no source info available)
V  [jvm.dll+0x2569fe]  (no source info available)
V  [jvm.dll+0x254cba]  (no source info available)
V  [jvm.dll+0x3f5336]  (no source info available)
V  [jvm.dll+0x81d44b]  (no source info available)
V  [jvm.dll+0x6e0915]  (no source info available)
C  [ucrtbase.dll+0x29333]  (no source info available)
C  [KERNEL32.DLL+0x1257d]  (no source info available)
C  [ntdll.dll+0x5af28]  (no source info available)


---------------  P R O C E S S  ---------------

Threads class SMR info:
_java_thread_list=0x0000029ccc0fb6d0, length=29, elements={
0x0000029cffca8560, 0x0000029cffca9370, 0x0000029cffcab4f0, 0x0000029cffcaea70,
0x0000029cffcb39d0, 0x0000029cffcb66a0, 0x0000029cffcc0540, 0x0000029cffcc55f0,
0x0000029cc90c5d10, 0x0000029cc92517f0, 0x0000029cc9251e60, 0x0000029ccb8a8790,
0x0000029ccb57bca0, 0x0000029cca94a960, 0x0000029cca67c570, 0x0000029cca67cc00,
0x0000029cca67dfb0, 0x0000029cca67e640, 0x0000029cca67ecd0, 0x0000029cca67f9f0,
0x0000029ccd2d5d50, 0x0000029ccd2d63e0, 0x0000029ccd2d0800, 0x0000029ccd2cfae0,
0x0000029ccd2d5030, 0x0000029ccd2d3c80, 0x0000029ccd2d28d0, 0x0000029ccd2d7100,
0x0000029ccd2d35f0
}

Java Threads: ( => current thread )
  0x0000029cffca8560 JavaThread "Reference Handler"          daemon [_thread_blocked, id=17492, stack(0x000000ce32e00000,0x000000ce32f00000) (1024K)]
  0x0000029cffca9370 JavaThread "Finalizer"                  daemon [_thread_blocked, id=3700, stack(0x000000ce32f00000,0x000000ce33000000) (1024K)]
  0x0000029cffcab4f0 JavaThread "Signal Dispatcher"          daemon [_thread_blocked, id=30864, stack(0x000000ce33000000,0x000000ce33100000) (1024K)]
  0x0000029cffcaea70 JavaThread "Attach Listener"            daemon [_thread_blocked, id=6012, stack(0x000000ce33100000,0x000000ce33200000) (1024K)]
  0x0000029cffcb39d0 JavaThread "Service Thread"             daemon [_thread_blocked, id=15792, stack(0x000000ce33200000,0x000000ce33300000) (1024K)]
  0x0000029cffcb66a0 JavaThread "Monitor Deflation Thread"   daemon [_thread_blocked, id=33932, stack(0x000000ce33300000,0x000000ce33400000) (1024K)]
=>0x0000029cffcc0540 JavaThread "C2 CompilerThread0"         daemon [_thread_in_native, id=34080, stack(0x000000ce33400000,0x000000ce33500000) (1024K)]
  0x0000029cffcc55f0 JavaThread "C1 CompilerThread0"         daemon [_thread_blocked, id=41676, stack(0x000000ce33500000,0x000000ce33600000) (1024K)]
  0x0000029cc90c5d10 JavaThread "Common-Cleaner"             daemon [_thread_blocked, id=26336, stack(0x000000ce33600000,0x000000ce33700000) (1024K)]
  0x0000029cc92517f0 JavaThread "Monitor Ctrl-Break"         daemon [_thread_in_native, id=35400, stack(0x000000ce33700000,0x000000ce33800000) (1024K)]
  0x0000029cc9251e60 JavaThread "Notification Thread"        daemon [_thread_blocked, id=17444, stack(0x000000ce33800000,0x000000ce33900000) (1024K)]
  0x0000029ccb8a8790 JavaThread "Catalina-utility-1"                [_thread_blocked, id=39672, stack(0x000000ce34400000,0x000000ce34500000) (1024K)]
  0x0000029ccb57bca0 JavaThread "Catalina-utility-2"                [_thread_blocked, id=30208, stack(0x000000ce34500000,0x000000ce34600000) (1024K)]
  0x0000029cca94a960 JavaThread "container-0"                       [_thread_blocked, id=4568, stack(0x000000ce34600000,0x000000ce34700000) (1024K)]
  0x0000029cca67c570 JavaThread "mysql-cj-abandoned-connection-cleanup" daemon [_thread_blocked, id=31044, stack(0x000000ce34700000,0x000000ce34800000) (1024K)]
  0x0000029cca67cc00 JavaThread "HikariPool-1 housekeeper"   daemon [_thread_blocked, id=38628, stack(0x000000ce34900000,0x000000ce34a00000) (1024K)]
  0x0000029cca67dfb0 JavaThread "http-nio-8080-exec-1"       daemon [_thread_blocked, id=36900, stack(0x000000ce34b00000,0x000000ce34c00000) (1024K)]
  0x0000029cca67e640 JavaThread "http-nio-8080-exec-2"       daemon [_thread_blocked, id=42296, stack(0x000000ce34c00000,0x000000ce34d00000) (1024K)]
  0x0000029cca67ecd0 JavaThread "http-nio-8080-exec-3"       daemon [_thread_blocked, id=40344, stack(0x000000ce34d00000,0x000000ce34e00000) (1024K)]
  0x0000029cca67f9f0 JavaThread "http-nio-8080-exec-4"       daemon [_thread_blocked, id=37512, stack(0x000000ce34e00000,0x000000ce34f00000) (1024K)]
  0x0000029ccd2d5d50 JavaThread "http-nio-8080-exec-5"       daemon [_thread_blocked, id=29208, stack(0x000000ce34f00000,0x000000ce35000000) (1024K)]
  0x0000029ccd2d63e0 JavaThread "http-nio-8080-exec-6"       daemon [_thread_blocked, id=12304, stack(0x000000ce35000000,0x000000ce35100000) (1024K)]
  0x0000029ccd2d0800 JavaThread "http-nio-8080-exec-7"       daemon [_thread_blocked, id=8040, stack(0x000000ce35100000,0x000000ce35200000) (1024K)]
  0x0000029ccd2cfae0 JavaThread "http-nio-8080-exec-8"       daemon [_thread_blocked, id=30732, stack(0x000000ce35200000,0x000000ce35300000) (1024K)]
  0x0000029ccd2d5030 JavaThread "http-nio-8080-exec-9"       daemon [_thread_blocked, id=4004, stack(0x000000ce35300000,0x000000ce35400000) (1024K)]
  0x0000029ccd2d3c80 JavaThread "http-nio-8080-exec-10"      daemon [_thread_blocked, id=7780, stack(0x000000ce35400000,0x000000ce35500000) (1024K)]
  0x0000029ccd2d28d0 JavaThread "http-nio-8080-Poller"       daemon [_thread_in_native, id=37840, stack(0x000000ce35500000,0x000000ce35600000) (1024K)]
  0x0000029ccd2d7100 JavaThread "http-nio-8080-Acceptor"     daemon [_thread_in_native, id=27920, stack(0x000000ce35600000,0x000000ce35700000) (1024K)]
  0x0000029ccd2d35f0 JavaThread "DestroyJavaVM"                     [_thread_blocked, id=25096, stack(0x000000ce32600000,0x000000ce32700000) (1024K)]
Total: 29

Other Threads:
  0x0000029cffc904e0 VMThread "VM Thread"                           [id=36888, stack(0x000000ce32d00000,0x000000ce32e00000) (1024K)]
  0x0000029cffc78810 WatcherThread "VM Periodic Task Thread"        [id=19380, stack(0x000000ce32c00000,0x000000ce32d00000) (1024K)]
  0x0000029ce70609c0 WorkerThread "GC Thread#0"                     [id=41284, stack(0x000000ce32700000,0x000000ce32800000) (1024K)]
  0x0000029cc9e93d20 WorkerThread "GC Thread#1"                     [id=35648, stack(0x000000ce33900000,0x000000ce33a00000) (1024K)]
  0x0000029cc9f44480 WorkerThread "GC Thread#2"                     [id=39868, stack(0x000000ce33a00000,0x000000ce33b00000) (1024K)]
  0x0000029cc9f499c0 WorkerThread "GC Thread#3"                     [id=30040, stack(0x000000ce33b00000,0x000000ce33c00000) (1024K)]
  0x0000029cc9f49d70 WorkerThread "GC Thread#4"                     [id=39568, stack(0x000000ce33c00000,0x000000ce33d00000) (1024K)]
  0x0000029cc9f4a520 WorkerThread "GC Thread#5"                     [id=42892, stack(0x000000ce33d00000,0x000000ce33e00000) (1024K)]
  0x0000029cca4f59f0 WorkerThread "GC Thread#6"                     [id=41872, stack(0x000000ce33f00000,0x000000ce34000000) (1024K)]
  0x0000029cca4f7210 WorkerThread "GC Thread#7"                     [id=18092, stack(0x000000ce34000000,0x000000ce34100000) (1024K)]
  0x0000029cca4f75c0 WorkerThread "GC Thread#8"                     [id=39876, stack(0x000000ce34100000,0x000000ce34200000) (1024K)]
  0x0000029cca4f7d80 WorkerThread "GC Thread#9"                     [id=23224, stack(0x000000ce34200000,0x000000ce34300000) (1024K)]
  0x0000029ce70711e0 ConcurrentGCThread "G1 Main Marker"            [id=28344, stack(0x000000ce32800000,0x000000ce32900000) (1024K)]
  0x0000029ce7071bf0 WorkerThread "G1 Conc#0"                       [id=32868, stack(0x000000ce32900000,0x000000ce32a00000) (1024K)]
  0x0000029cca75fb00 WorkerThread "G1 Conc#1"                       [id=25592, stack(0x000000ce33e00000,0x000000ce33f00000) (1024K)]
  0x0000029cca75f3a0 WorkerThread "G1 Conc#2"                       [id=2312, stack(0x000000ce34300000,0x000000ce34400000) (1024K)]
  0x0000029cffb4d5c0 ConcurrentGCThread "G1 Refine#0"               [id=33940, stack(0x000000ce32a00000,0x000000ce32b00000) (1024K)]
  0x0000029cffb4e040 ConcurrentGCThread "G1 Service"                [id=31772, stack(0x000000ce32b00000,0x000000ce32c00000) (1024K)]
Total: 18

Threads with active compile tasks:
C2 CompilerThread0  261158 5337       4       org.springframework.beans.factory.support.AbstractBeanFactory::isTypeMatch (745 bytes)
Total: 1

VM state: not at safepoint (normal execution)

VM Mutex/Monitor currently owned by a thread: None

Heap address: 0x0000000084400000, size: 1980 MB, Compressed Oops mode: 32-bit

CDS archive(s) mapped at: [0x0000029c84000000-0x0000029c84c50000-0x0000029c84c50000), size 12910592, SharedBaseAddress: 0x0000029c84000000, ArchiveRelocationMode: 1.
Compressed class space mapped at: 0x0000029c85000000-0x0000029cc5000000, reserved size: 1073741824
Narrow klass base: 0x0000029c84000000, Narrow klass shift: 0, Narrow klass range: 0x41000000

GC Precious Log:
 CardTable entry size: 512
 Card Set container configuration: InlinePtr #cards 5 size 8 Array Of Cards #cards 12 size 40 Howl #buckets 4 coarsen threshold 1843 Howl Bitmap #cards 512 size 80 coarsen threshold 460 Card regions per heap region 1 cards per card region 2048
 CPUs: 12 total, 12 available
 Memory: 7913M
 Large Page Support: Disabled
 NUMA Support: Disabled
 Compressed Oops: Enabled (32-bit)
 Heap Region Size: 1M
 Heap Min Capacity: 8M
 Heap Initial Capacity: 124M
 Heap Max Capacity: 1980M
 Pre-touch: Disabled
 Parallel Workers: 10
 Concurrent Workers: 3
 Concurrent Refinement Workers: 10
 Periodic GC: Disabled

Heap:
 garbage-first heap   total reserved 2027520K, committed 61440K, used 51285K [0x0000000084400000, 0x0000000100000000)
  region size 1024K, 26 young (26624K), 2 survivors (2048K)
 Metaspace       used 62846K, committed 63488K, reserved 1114112K
  class space    used 8687K, committed 8960K, reserved 1048576K

Heap Regions: E=young(eden), S=young(survivor), O=old, HS=humongous(starts), HC=humongous(continues), CS=collection set, F=free, TAMS=top-at-mark-start, PB=parsable bottom
|   0|0x0000000084400000, 0x0000000084500000, 0x0000000084500000|100%|HS|  |TAMS 0x0000000084400000| PB 0x0000000084400000| Complete |  0
|   1|0x0000000084500000, 0x0000000084600000, 0x0000000084600000|100%| O|  |TAMS 0x0000000084500000| PB 0x0000000084500000| Untracked |  0
|   2|0x0000000084600000, 0x0000000084700000, 0x0000000084700000|100%| O|  |TAMS 0x0000000084600000| PB 0x0000000084600000| Untracked |  0
|   3|0x0000000084700000, 0x0000000084800000, 0x0000000084800000|100%| O|  |TAMS 0x0000000084700000| PB 0x0000000084700000| Untracked |  0
|   4|0x0000000084800000, 0x0000000084900000, 0x0000000084900000|100%| O|  |TAMS 0x0000000084800000| PB 0x0000000084800000| Untracked |  0
|   5|0x0000000084900000, 0x0000000084a00000, 0x0000000084a00000|100%| O|  |TAMS 0x0000000084900000| PB 0x0000000084900000| Untracked |  0
|   6|0x0000000084a00000, 0x0000000084b00000, 0x0000000084b00000|100%| O|  |TAMS 0x0000000084a00000| PB 0x0000000084a00000| Untracked |  0
|   7|0x0000000084b00000, 0x0000000084c00000, 0x0000000084c00000|100%| O|  |TAMS 0x0000000084b00000| PB 0x0000000084b00000| Untracked |  0
|   8|0x0000000084c00000, 0x0000000084d00000, 0x0000000084d00000|100%| O|  |TAMS 0x0000000084c00000| PB 0x0000000084c00000| Untracked |  0
|   9|0x0000000084d00000, 0x0000000084e00000, 0x0000000084e00000|100%| O|  |TAMS 0x0000000084d00000| PB 0x0000000084d00000| Untracked |  0
|  10|0x0000000084e00000, 0x0000000084f00000, 0x0000000084f00000|100%| O|  |TAMS 0x0000000084e00000| PB 0x0000000084e00000| Untracked |  0
|  11|0x0000000084f00000, 0x0000000085000000, 0x0000000085000000|100%| O|  |TAMS 0x0000000084f00000| PB 0x0000000084f00000| Untracked |  0
|  12|0x0000000085000000, 0x0000000085100000, 0x0000000085100000|100%| O|  |TAMS 0x0000000085000000| PB 0x0000000085000000| Untracked |  0
|  13|0x0000000085100000, 0x0000000085200000, 0x0000000085200000|100%| O|  |TAMS 0x0000000085100000| PB 0x0000000085100000| Untracked |  0
|  14|0x0000000085200000, 0x0000000085300000, 0x0000000085300000|100%| O|  |TAMS 0x0000000085200000| PB 0x0000000085200000| Untracked |  0
|  15|0x0000000085300000, 0x0000000085400000, 0x0000000085400000|100%| O|  |TAMS 0x0000000085300000| PB 0x0000000085300000| Untracked |  0
|  16|0x0000000085400000, 0x0000000085500000, 0x0000000085500000|100%| O|Cm|TAMS 0x0000000085400000| PB 0x0000000085400000| Complete |  0
|  17|0x0000000085500000, 0x0000000085600000, 0x0000000085600000|100%| O|  |TAMS 0x0000000085500000| PB 0x0000000085500000| Untracked |  0
|  18|0x0000000085600000, 0x0000000085700000, 0x0000000085700000|100%| O|  |TAMS 0x0000000085600000| PB 0x0000000085600000| Untracked |  0
|  19|0x0000000085700000, 0x0000000085800000, 0x0000000085800000|100%| O|  |TAMS 0x0000000085700000| PB 0x0000000085700000| Untracked |  0
|  20|0x0000000085800000, 0x0000000085900000, 0x0000000085900000|100%| O|  |TAMS 0x0000000085800000| PB 0x0000000085800000| Untracked |  0
|  21|0x0000000085900000, 0x0000000085a00000, 0x0000000085a00000|100%| O|  |TAMS 0x0000000085900000| PB 0x0000000085900000| Untracked |  0
|  22|0x0000000085a00000, 0x0000000085a00000, 0x0000000085b00000|  0%| F|  |TAMS 0x0000000085a00000| PB 0x0000000085a00000| Untracked |  0
|  23|0x0000000085b00000, 0x0000000085b00000, 0x0000000085c00000|  0%| F|  |TAMS 0x0000000085b00000| PB 0x0000000085b00000| Untracked |  0
|  24|0x0000000085c00000, 0x0000000085c00000, 0x0000000085d00000|  0%| F|  |TAMS 0x0000000085c00000| PB 0x0000000085c00000| Untracked |  0
|  25|0x0000000085d00000, 0x0000000085d00000, 0x0000000085e00000|  0%| F|  |TAMS 0x0000000085d00000| PB 0x0000000085d00000| Untracked |  0
|  26|0x0000000085e00000, 0x0000000085f00000, 0x0000000085f00000|100%| O|  |TAMS 0x0000000085e00000| PB 0x0000000085e00000| Untracked |  0
|  27|0x0000000085f00000, 0x0000000086000000, 0x0000000086000000|100%| O|  |TAMS 0x0000000085f00000| PB 0x0000000085f00000| Untracked |  0
|  28|0x0000000086000000, 0x0000000086100000, 0x0000000086100000|100%| O|  |TAMS 0x0000000086000000| PB 0x0000000086000000| Untracked |  0
|  29|0x0000000086100000, 0x0000000086181240, 0x0000000086200000| 50%| O|  |TAMS 0x0000000086100000| PB 0x0000000086100000| Untracked |  0
|  30|0x0000000086200000, 0x0000000086200000, 0x0000000086300000|  0%| F|  |TAMS 0x0000000086200000| PB 0x0000000086200000| Untracked |  0
|  31|0x0000000086300000, 0x0000000086300000, 0x0000000086400000|  0%| F|  |TAMS 0x0000000086300000| PB 0x0000000086300000| Untracked |  0
|  32|0x0000000086400000, 0x0000000086400000, 0x0000000086500000|  0%| F|  |TAMS 0x0000000086400000| PB 0x0000000086400000| Untracked |  0
|  33|0x0000000086500000, 0x0000000086500000, 0x0000000086600000|  0%| F|  |TAMS 0x0000000086500000| PB 0x0000000086500000| Untracked |  0
|  34|0x0000000086600000, 0x0000000086700000, 0x0000000086700000|100%| E|  |TAMS 0x0000000086600000| PB 0x0000000086600000| Complete |  0
|  35|0x0000000086700000, 0x0000000086800000, 0x0000000086800000|100%| E|CS|TAMS 0x0000000086700000| PB 0x0000000086700000| Complete |  0
|  36|0x0000000086800000, 0x0000000086900000, 0x0000000086900000|100%| E|CS|TAMS 0x0000000086800000| PB 0x0000000086800000| Complete |  0
|  37|0x0000000086900000, 0x0000000086a00000, 0x0000000086a00000|100%| E|CS|TAMS 0x0000000086900000| PB 0x0000000086900000| Complete |  0
|  38|0x0000000086a00000, 0x0000000086b00000, 0x0000000086b00000|100%| E|CS|TAMS 0x0000000086a00000| PB 0x0000000086a00000| Complete |  0
|  39|0x0000000086b00000, 0x0000000086c00000, 0x0000000086c00000|100%| E|CS|TAMS 0x0000000086b00000| PB 0x0000000086b00000| Complete |  0
|  40|0x0000000086c00000, 0x0000000086d00000, 0x0000000086d00000|100%| E|CS|TAMS 0x0000000086c00000| PB 0x0000000086c00000| Complete |  0
|  41|0x0000000086d00000, 0x0000000086e00000, 0x0000000086e00000|100%| E|CS|TAMS 0x0000000086d00000| PB 0x0000000086d00000| Complete |  0
|  42|0x0000000086e00000, 0x0000000086f00000, 0x0000000086f00000|100%| E|CS|TAMS 0x0000000086e00000| PB 0x0000000086e00000| Complete |  0
|  43|0x0000000086f00000, 0x0000000087000000, 0x0000000087000000|100%| E|CS|TAMS 0x0000000086f00000| PB 0x0000000086f00000| Complete |  0
|  44|0x0000000087000000, 0x0000000087100000, 0x0000000087100000|100%| E|CS|TAMS 0x0000000087000000| PB 0x0000000087000000| Complete |  0
|  45|0x0000000087100000, 0x0000000087200000, 0x0000000087200000|100%| E|CS|TAMS 0x0000000087100000| PB 0x0000000087100000| Complete |  0
|  46|0x0000000087200000, 0x0000000087294410, 0x0000000087300000| 57%| S|CS|TAMS 0x0000000087200000| PB 0x0000000087200000| Complete |  0
|  47|0x0000000087300000, 0x0000000087400000, 0x0000000087400000|100%| S|CS|TAMS 0x0000000087300000| PB 0x0000000087300000| Complete |  0
|  48|0x0000000087400000, 0x0000000087500000, 0x0000000087500000|100%| E|CS|TAMS 0x0000000087400000| PB 0x0000000087400000| Complete |  0
|  49|0x0000000087500000, 0x0000000087600000, 0x0000000087600000|100%| E|CS|TAMS 0x0000000087500000| PB 0x0000000087500000| Complete |  0
|  50|0x0000000087600000, 0x0000000087700000, 0x0000000087700000|100%| E|CS|TAMS 0x0000000087600000| PB 0x0000000087600000| Complete |  0
|  51|0x0000000087700000, 0x0000000087800000, 0x0000000087800000|100%| E|CS|TAMS 0x0000000087700000| PB 0x0000000087700000| Complete |  0
|  52|0x0000000087800000, 0x0000000087900000, 0x0000000087900000|100%| E|CS|TAMS 0x0000000087800000| PB 0x0000000087800000| Complete |  0
|  79|0x0000000089300000, 0x0000000089400000, 0x0000000089400000|100%| E|CS|TAMS 0x0000000089300000| PB 0x0000000089300000| Complete |  0
|  80|0x0000000089400000, 0x0000000089500000, 0x0000000089500000|100%| E|CS|TAMS 0x0000000089400000| PB 0x0000000089400000| Complete |  0
|  81|0x0000000089500000, 0x0000000089600000, 0x0000000089600000|100%| E|CS|TAMS 0x0000000089500000| PB 0x0000000089500000| Complete |  0
|  82|0x0000000089600000, 0x0000000089700000, 0x0000000089700000|100%| E|CS|TAMS 0x0000000089600000| PB 0x0000000089600000| Complete |  0
|  83|0x0000000089700000, 0x0000000089800000, 0x0000000089800000|100%| E|CS|TAMS 0x0000000089700000| PB 0x0000000089700000| Complete |  0
|  84|0x0000000089800000, 0x0000000089900000, 0x0000000089900000|100%| E|CS|TAMS 0x0000000089800000| PB 0x0000000089800000| Complete |  0
| 123|0x000000008bf00000, 0x000000008c000000, 0x000000008c000000|100%| E|CS|TAMS 0x000000008bf00000| PB 0x000000008bf00000| Complete |  0

Card table byte_map: [0x0000029cfec70000,0x0000029cff050000] _byte_map_base: 0x0000029cfe84e000

Marking Bits: (CMBitMap*) 0x0000029ce7060fd0
 Bits: [0x0000029c80000000, 0x0000029c81ef0000)

Polling page: 0x0000029ce4f40000

Metaspace:

Usage:
  Non-class:     52.89 MB used.
      Class:      8.48 MB used.
       Both:     61.37 MB used.

Virtual space:
  Non-class space:       64.00 MB reserved,      53.25 MB ( 83%) committed,  1 nodes.
      Class space:        1.00 GB reserved,       8.75 MB ( <1%) committed,  1 nodes.
             Both:        1.06 GB reserved,      62.00 MB (  6%) committed. 

Chunk freelists:
   Non-Class:  9.88 MB
       Class:  7.07 MB
        Both:  16.94 MB

MaxMetaspaceSize: unlimited
CompressedClassSpaceSize: 1.00 GB
Initial GC threshold: 21.00 MB
Current GC threshold: 98.12 MB
CDS: on
 - commit_granule_bytes: 65536.
 - commit_granule_words: 8192.
 - virtual_space_node_default_size: 8388608.
 - enlarge_chunks_in_place: 1.
 - use_allocation_guard: 0.


Internal statistics:

num_allocs_failed_limit: 9.
num_arena_births: 930.
num_arena_deaths: 0.
num_vsnodes_births: 2.
num_vsnodes_deaths: 0.
num_space_committed: 992.
num_space_uncommitted: 0.
num_chunks_returned_to_freelist: 9.
num_chunks_taken_from_freelist: 3190.
num_chunk_merges: 9.
num_chunk_splits: 2299.
num_chunks_enlarged: 1769.
num_inconsistent_stats: 0.

CodeHeap 'non-profiled nmethods': size=120000Kb used=2750Kb max_used=2750Kb free=117249Kb
 bounds [0x0000029cf6e10000, 0x0000029cf70c0000, 0x0000029cfe340000]
CodeHeap 'profiled nmethods': size=120000Kb used=9149Kb max_used=9185Kb free=110850Kb
 bounds [0x0000029cef340000, 0x0000029cefc40000, 0x0000029cf6870000]
CodeHeap 'non-nmethods': size=5760Kb used=1869Kb max_used=1899Kb free=3890Kb
 bounds [0x0000029cf6870000, 0x0000029cf6ae0000, 0x0000029cf6e10000]
 total_blobs=5480 nmethods=4777 adapters=605
 compilation: enabled
              stopped_count=0, restarted_count=0
 full_count=0

Compilation events (20 events):
Event: 260.972 Thread 0x0000029cffcc55f0 5359       3       java.util.Random::nextBoolean (14 bytes)
Event: 260.972 Thread 0x0000029cffcc55f0 nmethod 5359 0x0000029cef4a3410 code [0x0000029cef4a35c0, 0x0000029cef4a37e8]
Event: 260.985 Thread 0x0000029cffcc55f0 5360   !   3       org.apache.tomcat.util.http.parser.HttpParser::isToken (9 bytes)
Event: 260.985 Thread 0x0000029cffcc55f0 nmethod 5360 0x0000029cef4a3010 code [0x0000029cef4a31a0, 0x0000029cef4a3310]
Event: 260.989 Thread 0x0000029cffcc55f0 5362       3       org.apache.tomcat.util.buf.Ascii::toLower (14 bytes)
Event: 260.989 Thread 0x0000029cffcc55f0 nmethod 5362 0x0000029cef4a2c90 code [0x0000029cef4a2e20, 0x0000029cef4a2f30]
Event: 260.989 Thread 0x0000029cffcc55f0 5361       3       org.apache.tomcat.util.buf.MessageBytes::equalsIgnoreCase (78 bytes)
Event: 260.989 Thread 0x0000029cffcc55f0 nmethod 5361 0x0000029cef4a2610 code [0x0000029cef4a2800, 0x0000029cef4a2b70]
Event: 260.989 Thread 0x0000029cffcc55f0 5363       3       java.nio.HeapByteBuffer::put (16 bytes)
Event: 260.990 Thread 0x0000029cffcc55f0 nmethod 5363 0x0000029cef4a1f10 code [0x0000029cef4a20e0, 0x0000029cef4a2418]
Event: 260.990 Thread 0x0000029cffcc55f0 5364       3       java.nio.Buffer::nextPutIndex (30 bytes)
Event: 260.990 Thread 0x0000029cffcc55f0 nmethod 5364 0x0000029cef4a1a10 code [0x0000029cef4a1bc0, 0x0000029cef4a1de8]
Event: 260.990 Thread 0x0000029cffcc55f0 5365       3       org.apache.tomcat.util.buf.AbstractChunk::getLength (10 bytes)
Event: 260.990 Thread 0x0000029cffcc55f0 nmethod 5365 0x0000029cef4a1690 code [0x0000029cef4a1820, 0x0000029cef4a1930]
Event: 260.991 Thread 0x0000029cffcc55f0 5366       3       sun.nio.ch.SelectorImpl::end (9 bytes)
Event: 260.992 Thread 0x0000029cffcc55f0 nmethod 5366 0x0000029cef4a1010 code [0x0000029cef4a11e0, 0x0000029cef4a1508]
Event: 260.992 Thread 0x0000029cffcc55f0 5367       3       sun.nio.ch.WEPollSelectorImpl::processEvents (152 bytes)
Event: 260.993 Thread 0x0000029cffcc55f0 nmethod 5367 0x0000029cef49fc10 code [0x0000029cef49fea0, 0x0000029cef4a0aa8]
Event: 260.993 Thread 0x0000029cffcc55f0 5368       3       java.util.concurrent.atomic.AtomicLong::set (12 bytes)
Event: 260.993 Thread 0x0000029cffcc55f0 nmethod 5368 0x0000029cef49f890 code [0x0000029cef49fa20, 0x0000029cef49fb48]

GC Heap History (20 events):
Event: 0.957 GC heap before
{Heap before GC invocations=1 (full 0):
 garbage-first heap   total reserved 2027520K, committed 126976K, used 37888K [0x0000000084400000, 0x0000000100000000)
  region size 1024K, 32 young (32768K), 3 survivors (3072K)
 Metaspace       used 15737K, committed 16064K, reserved 1114112K
  class space    used 1892K, committed 2048K, reserved 1048576K
}
Event: 0.963 GC heap after
{Heap after GC invocations=2 (full 0):
 garbage-first heap   total reserved 2027520K, committed 126976K, used 12054K [0x0000000084400000, 0x0000000100000000)
  region size 1024K, 3 young (3072K), 3 survivors (3072K)
 Metaspace       used 15737K, committed 16064K, reserved 1114112K
  class space    used 1892K, committed 2048K, reserved 1048576K
}
Event: 1.457 GC heap before
{Heap before GC invocations=2 (full 0):
 garbage-first heap   total reserved 2027520K, committed 126976K, used 46870K [0x0000000084400000, 0x0000000100000000)
  region size 1024K, 38 young (38912K), 3 survivors (3072K)
 Metaspace       used 21290K, committed 21504K, reserved 1114112K
  class space    used 2587K, committed 2688K, reserved 1048576K
}
Event: 1.463 GC heap after
{Heap after GC invocations=3 (full 0):
 garbage-first heap   total reserved 2027520K, committed 126976K, used 14359K [0x0000000084400000, 0x0000000100000000)
  region size 1024K, 6 young (6144K), 6 survivors (6144K)
 Metaspace       used 21290K, committed 21504K, reserved 1114112K
  class space    used 2587K, committed 2688K, reserved 1048576K
}
Event: 1.976 GC heap before
{Heap before GC invocations=4 (full 0):
 garbage-first heap   total reserved 2027520K, committed 51200K, used 38935K [0x0000000084400000, 0x0000000100000000)
  region size 1024K, 30 young (30720K), 6 survivors (6144K)
 Metaspace       used 25406K, committed 25856K, reserved 1114112K
  class space    used 3184K, committed 3392K, reserved 1048576K
}
Event: 1.985 GC heap after
{Heap after GC invocations=5 (full 0):
 garbage-first heap   total reserved 2027520K, committed 51200K, used 16625K [0x0000000084400000, 0x0000000100000000)
  region size 1024K, 3 young (3072K), 3 survivors (3072K)
 Metaspace       used 25406K, committed 25856K, reserved 1114112K
  class space    used 3184K, committed 3392K, reserved 1048576K
}
Event: 2.376 GC heap before
{Heap before GC invocations=5 (full 0):
 garbage-first heap   total reserved 2027520K, committed 51200K, used 37105K [0x0000000084400000, 0x0000000100000000)
  region size 1024K, 24 young (24576K), 3 survivors (3072K)
 Metaspace       used 30145K, committed 30592K, reserved 1114112K
  class space    used 3834K, committed 4032K, reserved 1048576K
}
Event: 2.382 GC heap after
{Heap after GC invocations=6 (full 0):
 garbage-first heap   total reserved 2027520K, committed 51200K, used 18538K [0x0000000084400000, 0x0000000100000000)
  region size 1024K, 3 young (3072K), 3 survivors (3072K)
 Metaspace       used 30145K, committed 30592K, reserved 1114112K
  class space    used 3834K, committed 4032K, reserved 1048576K
}
Event: 2.794 GC heap before
{Heap before GC invocations=6 (full 0):
 garbage-first heap   total reserved 2027520K, committed 51200K, used 39018K [0x0000000084400000, 0x0000000100000000)
  region size 1024K, 24 young (24576K), 3 survivors (3072K)
 Metaspace       used 35184K, committed 35712K, reserved 1114112K
  class space    used 4594K, committed 4800K, reserved 1048576K
}
Event: 2.797 GC heap after
{Heap after GC invocations=7 (full 0):
 garbage-first heap   total reserved 2027520K, committed 51200K, used 19913K [0x0000000084400000, 0x0000000100000000)
  region size 1024K, 2 young (2048K), 2 survivors (2048K)
 Metaspace       used 35184K, committed 35712K, reserved 1114112K
  class space    used 4594K, committed 4800K, reserved 1048576K
}
Event: 2.809 GC heap before
{Heap before GC invocations=7 (full 0):
 garbage-first heap   total reserved 2027520K, committed 51200K, used 19913K [0x0000000084400000, 0x0000000100000000)
  region size 1024K, 3 young (3072K), 2 survivors (2048K)
 Metaspace       used 35404K, committed 35968K, reserved 1114112K
  class space    used 4612K, committed 4864K, reserved 1048576K
}
Event: 2.810 GC heap after
{Heap after GC invocations=8 (full 0):
 garbage-first heap   total reserved 2027520K, committed 51200K, used 19814K [0x0000000084400000, 0x0000000100000000)
  region size 1024K, 2 young (2048K), 2 survivors (2048K)
 Metaspace       used 35404K, committed 35968K, reserved 1114112K
  class space    used 4612K, committed 4864K, reserved 1048576K
}
Event: 3.226 GC heap before
{Heap before GC invocations=9 (full 0):
 garbage-first heap   total reserved 2027520K, committed 51200K, used 43366K [0x0000000084400000, 0x0000000100000000)
  region size 1024K, 25 young (25600K), 2 survivors (2048K)
 Metaspace       used 42081K, committed 42624K, reserved 1114112K
  class space    used 5597K, committed 5824K, reserved 1048576K
}
Event: 3.229 GC heap after
{Heap after GC invocations=10 (full 0):
 garbage-first heap   total reserved 2027520K, committed 61440K, used 21943K [0x0000000084400000, 0x0000000100000000)
  region size 1024K, 4 young (4096K), 4 survivors (4096K)
 Metaspace       used 42081K, committed 42624K, reserved 1114112K
  class space    used 5597K, committed 5824K, reserved 1048576K
}
Event: 3.751 GC heap before
{Heap before GC invocations=10 (full 0):
 garbage-first heap   total reserved 2027520K, committed 61440K, used 50615K [0x0000000084400000, 0x0000000100000000)
  region size 1024K, 33 young (33792K), 4 survivors (4096K)
 Metaspace       used 51100K, committed 51648K, reserved 1114112K
  class space    used 6956K, committed 7232K, reserved 1048576K
}
Event: 3.755 GC heap after
{Heap after GC invocations=11 (full 0):
 garbage-first heap   total reserved 2027520K, committed 61440K, used 23590K [0x0000000084400000, 0x0000000100000000)
  region size 1024K, 5 young (5120K), 5 survivors (5120K)
 Metaspace       used 51100K, committed 51648K, reserved 1114112K
  class space    used 6956K, committed 7232K, reserved 1048576K
}
Event: 4.284 GC heap before
{Heap before GC invocations=11 (full 0):
 garbage-first heap   total reserved 2027520K, committed 61440K, used 52262K [0x0000000084400000, 0x0000000100000000)
  region size 1024K, 33 young (33792K), 5 survivors (5120K)
 Metaspace       used 57732K, committed 58368K, reserved 1114112K
  class space    used 7918K, committed 8192K, reserved 1048576K
}
Event: 4.290 GC heap after
{Heap after GC invocations=12 (full 0):
 garbage-first heap   total reserved 2027520K, committed 61440K, used 26386K [0x0000000084400000, 0x0000000100000000)
  region size 1024K, 5 young (5120K), 5 survivors (5120K)
 Metaspace       used 57732K, committed 58368K, reserved 1114112K
  class space    used 7918K, committed 8192K, reserved 1048576K
}
Event: 4.458 GC heap before
{Heap before GC invocations=12 (full 0):
 garbage-first heap   total reserved 2027520K, committed 61440K, used 37650K [0x0000000084400000, 0x0000000100000000)
  region size 1024K, 17 young (17408K), 5 survivors (5120K)
 Metaspace       used 59489K, committed 60096K, reserved 1114112K
  class space    used 8174K, committed 8448K, reserved 1048576K
}
Event: 4.462 GC heap after
{Heap after GC invocations=13 (full 0):
 garbage-first heap   total reserved 2027520K, committed 61440K, used 27733K [0x0000000084400000, 0x0000000100000000)
  region size 1024K, 2 young (2048K), 2 survivors (2048K)
 Metaspace       used 59489K, committed 60096K, reserved 1114112K
  class space    used 8174K, committed 8448K, reserved 1048576K
}

Dll operation events (15 events):
Event: 0.009 Loaded shared library C:\Users\jangi\.jdks\openjdk-22.0.1\bin\java.dll
Event: 0.038 Loaded shared library C:\Users\jangi\.jdks\openjdk-22.0.1\bin\jsvml.dll
Event: 0.124 Loaded shared library C:\Users\jangi\.jdks\openjdk-22.0.1\bin\zip.dll
Event: 0.128 Loaded shared library C:\Users\jangi\.jdks\openjdk-22.0.1\bin\instrument.dll
Event: 0.132 Loaded shared library C:\Users\jangi\.jdks\openjdk-22.0.1\bin\net.dll
Event: 0.133 Loaded shared library C:\Users\jangi\.jdks\openjdk-22.0.1\bin\nio.dll
Event: 0.136 Loaded shared library C:\Users\jangi\.jdks\openjdk-22.0.1\bin\zip.dll
Event: 0.207 Loaded shared library C:\Program Files\JetBrains\IntelliJ IDEA Community Edition 2024.1.4\bin\breakgen64.dll
Event: 0.216 Loaded shared library C:\Users\jangi\.jdks\openjdk-22.0.1\bin\extnet.dll
Event: 0.241 Loaded shared library C:\Users\jangi\.jdks\openjdk-22.0.1\bin\jimage.dll
Event: 0.769 Loaded shared library C:\Users\jangi\.jdks\openjdk-22.0.1\bin\le.dll
Event: 1.064 Loaded shared library C:\Users\jangi\.jdks\openjdk-22.0.1\bin\sunmscapi.dll
Event: 2.318 Loaded shared library C:\Users\jangi\.jdks\openjdk-22.0.1\bin\management.dll
Event: 2.320 Loaded shared library C:\Users\jangi\.jdks\openjdk-22.0.1\bin\management_ext.dll
Event: 2.765 Loaded shared library C:\Users\jangi\.jdks\openjdk-22.0.1\bin\verify.dll

Deoptimization events (20 events):
Event: 4.647 Thread 0x0000029ce4d1f610 DEOPT PACKING pc=0x0000029cf6e8f6e0 sp=0x000000ce326fc280
Event: 4.647 Thread 0x0000029ce4d1f610 DEOPT UNPACKING pc=0x0000029cf68c7da2 sp=0x000000ce326fc1f8 mode 2
Event: 4.660 Thread 0x0000029ce4d1f610 Uncommon trap: trap_request=0xfffffff4 fr.pc=0x0000029cf6f390d0 relative=0x0000000000000290
Event: 4.660 Thread 0x0000029ce4d1f610 Uncommon trap: reason=null_check action=make_not_entrant pc=0x0000029cf6f390d0 method=org.springframework.util.ClassUtils.isAssignable(Ljava/lang/Class;Ljava/lang/Class;)Z @ 14 c2
Event: 4.660 Thread 0x0000029ce4d1f610 DEOPT PACKING pc=0x0000029cf6f390d0 sp=0x000000ce326fe510
Event: 4.660 Thread 0x0000029ce4d1f610 DEOPT UNPACKING pc=0x0000029cf68c7da2 sp=0x000000ce326fe4a0 mode 2
Event: 4.725 Thread 0x0000029ce4d1f610 Uncommon trap: trap_request=0xffffff45 fr.pc=0x0000029cf6ee9e5c relative=0x000000000000035c
Event: 4.725 Thread 0x0000029ce4d1f610 Uncommon trap: reason=unstable_if action=reinterpret pc=0x0000029cf6ee9e5c method=java.lang.Integer.stringSize(I)I @ 19 c2
Event: 4.725 Thread 0x0000029ce4d1f610 DEOPT PACKING pc=0x0000029cf6ee9e5c sp=0x000000ce326fe160
Event: 4.726 Thread 0x0000029ce4d1f610 DEOPT UNPACKING pc=0x0000029cf68c7da2 sp=0x000000ce326fe0b8 mode 2
Event: 260.920 Thread 0x0000029cca67dfb0 DEOPT PACKING pc=0x0000029cef3b1948 sp=0x000000ce34bfdbf0
Event: 260.920 Thread 0x0000029cca67dfb0 DEOPT UNPACKING pc=0x0000029cf68c88e2 sp=0x000000ce34bfd0a8 mode 0
Event: 260.952 Thread 0x0000029cca67dfb0 Uncommon trap: trap_request=0xffffff45 fr.pc=0x0000029cf6eaab2c relative=0x000000000000020c
Event: 260.952 Thread 0x0000029cca67dfb0 Uncommon trap: reason=unstable_if action=reinterpret pc=0x0000029cf6eaab2c method=java.lang.String.indexOf(Ljava/lang/String;)I @ 10 c2
Event: 260.952 Thread 0x0000029cca67dfb0 DEOPT PACKING pc=0x0000029cf6eaab2c sp=0x000000ce34bfdd70
Event: 260.952 Thread 0x0000029cca67dfb0 DEOPT UNPACKING pc=0x0000029cf68c7da2 sp=0x000000ce34bfdca8 mode 2
Event: 260.952 Thread 0x0000029cca67dfb0 Uncommon trap: trap_request=0xffffff45 fr.pc=0x0000029cf6ee387c relative=0x00000000000001dc
Event: 260.952 Thread 0x0000029cca67dfb0 Uncommon trap: reason=unstable_if action=reinterpret pc=0x0000029cf6ee387c method=java.lang.String.indexOf(Ljava/lang/String;)I @ 10 c2
Event: 260.952 Thread 0x0000029cca67dfb0 DEOPT PACKING pc=0x0000029cf6ee387c sp=0x000000ce34bfdd10
Event: 260.952 Thread 0x0000029cca67dfb0 DEOPT UNPACKING pc=0x0000029cf68c7da2 sp=0x000000ce34bfdcb0 mode 2

Classes loaded (20 events):
Event: 260.886 Loading class sun/nio/cs/ThreadLocalCoders$1
Event: 260.886 Loading class sun/nio/cs/ThreadLocalCoders$Cache
Event: 260.886 Loading class sun/nio/cs/ThreadLocalCoders$Cache done
Event: 260.886 Loading class sun/nio/cs/ThreadLocalCoders$1 done
Event: 260.886 Loading class sun/nio/cs/ThreadLocalCoders$2
Event: 260.886 Loading class sun/nio/cs/ThreadLocalCoders$2 done
Event: 260.949 Loading class java/util/ArrayList$SubList$2
Event: 260.950 Loading class java/util/ArrayList$SubList$2 done
Event: 260.965 Loading class java/io/WriteAbortedException
Event: 260.965 Loading class java/io/WriteAbortedException done
Event: 260.965 Loading class sun/security/provider/SecureRandom
Event: 260.966 Loading class sun/security/provider/SecureRandom done
Event: 260.966 Loading class sun/security/provider/SecureRandom$SeederHolder
Event: 260.966 Loading class sun/security/provider/SecureRandom$SeederHolder done
Event: 260.980 Loading class java/nio/StringCharBuffer
Event: 260.981 Loading class java/nio/StringCharBuffer done
Event: 260.983 Loading class java/util/Base64
Event: 260.984 Loading class java/util/Base64 done
Event: 260.984 Loading class java/util/Base64$Encoder
Event: 260.984 Loading class java/util/Base64$Encoder done

Classes unloaded (0 events):
No events

Classes redefined (0 events):
No events

Internal exceptions (20 events):
Event: 3.929 Thread 0x0000029ce4d1f610 Exception <a 'java/lang/NoSuchMethodError'{0x00000000877c5c28}: 'java.lang.Object java.lang.invoke.DirectMethodHandle$Holder.newInvokeSpecial(java.lang.Object, java.lang.Object, java.lang.Object, java.lang.Object, java.lang.Object, java.lang.Object, java.lang.Object, int)'> (0x00000000877c5c28) 
thrown [s\open\src\hotspot\share\interpreter\linkResolver.cpp, line 774]
Event: 3.930 Thread 0x0000029ce4d1f610 Exception <a 'java/lang/NoSuchMethodError'{0x00000000877ca1f0}: 'java.lang.Object java.lang.invoke.DirectMethodHandle$Holder.invokeSpecial(java.lang.Object, java.lang.Object, java.lang.Object, java.lang.Object, java.lang.Object, java.lang.Object, java.lang.Object, java.lang.Object, int)'> (0x00000000877ca1f0) 
thrown [s\open\src\hotspot\share\interpreter\linkResolver.cpp, line 774]
Event: 3.930 Thread 0x0000029ce4d1f610 Exception <a 'java/lang/NoSuchMethodError'{0x00000000877ce208}: 'java.lang.Object java.lang.invoke.Invokers$Holder.linkToTargetMethod(java.lang.Object, java.lang.Object, java.lang.Object, java.lang.Object, java.lang.Object, java.lang.Object, int, java.lang.Object)'> (0x00000000877ce208) 
thrown [s\open\src\hotspot\share\interpreter\linkResolver.cpp, line 774]
Event: 3.945 Thread 0x0000029ce4d1f610 Exception <a 'java/lang/NoSuchMethodError'{0x0000000087686a30}: 'void java.lang.invoke.DirectMethodHandle$Holder.invokeInterface(java.lang.Object, java.lang.Object)'> (0x0000000087686a30) 
thrown [s\open\src\hotspot\share\interpreter\linkResolver.cpp, line 774]
Event: 4.029 Thread 0x0000029ce4d1f610 Exception <a 'java/lang/NoSuchMethodError'{0x000000008733b678}: 'void java.lang.invoke.Invokers$Holder.invokeExact_MT(java.lang.Object, java.lang.Object, java.lang.Object, java.lang.Object)'> (0x000000008733b678) 
thrown [s\open\src\hotspot\share\interpreter\linkResolver.cpp, line 774]
Event: 4.050 Thread 0x0000029ce4d1f610 Implicit null exception at 0x0000029cf70406f3 to 0x0000029cf704095c
Event: 4.074 Thread 0x0000029ce4d1f610 Exception <a 'java/lang/IncompatibleClassChangeError'{0x0000000086f0cb50}: Found class java.lang.Object, but interface was expected> (0x0000000086f0cb50) 
thrown [s\open\src\hotspot\share\interpreter\linkResolver.cpp, line 841]
Event: 4.080 Thread 0x0000029ce4d1f610 Exception <a 'java/lang/IncompatibleClassChangeError'{0x0000000086f9e738}: Found class java.lang.Object, but interface was expected> (0x0000000086f9e738) 
thrown [s\open\src\hotspot\share\interpreter\linkResolver.cpp, line 841]
Event: 4.098 Thread 0x0000029ce4d1f610 Exception <a 'java/lang/IncompatibleClassChangeError'{0x0000000086ef7470}: Found class java.lang.Object, but interface was expected> (0x0000000086ef7470) 
thrown [s\open\src\hotspot\share\interpreter\linkResolver.cpp, line 841]
Event: 4.169 Thread 0x0000029ce4d1f610 Exception <a 'java/lang/IncompatibleClassChangeError'{0x00000000868c8df8}: Found class java.lang.Object, but interface was expected> (0x00000000868c8df8) 
thrown [s\open\src\hotspot\share\interpreter\linkResolver.cpp, line 841]
Event: 4.299 Thread 0x0000029ce4d1f610 Exception <a 'java/lang/NoSuchMethodError'{0x000000008bf5abf0}: 'java.lang.Object java.lang.invoke.DirectMethodHandle$Holder.newInvokeSpecial(java.lang.Object, java.lang.Object, java.lang.Object, java.lang.Object, java.lang.Object, java.lang.Object, java.lang.Object, java.lang.Object)'> (0x000000008bf5abf0) 
thrown [s\open\src\hotspot\share\interpreter\linkResolver.cpp, line 774]
Event: 4.487 Thread 0x0000029ce4d1f610 Exception <a 'java/lang/IncompatibleClassChangeError'{0x00000000897569b0}: Found class java.lang.Object, but interface was expected> (0x00000000897569b0) 
thrown [s\open\src\hotspot\share\interpreter\linkResolver.cpp, line 841]
Event: 4.587 Thread 0x0000029ce4d1f610 Exception <a 'java/lang/NoSuchMethodError'{0x000000008776ec18}: 'void java.lang.invoke.DirectMethodHandle$Holder.invokeVirtual(java.lang.Object, java.lang.Object, long)'> (0x000000008776ec18) 
thrown [s\open\src\hotspot\share\interpreter\linkResolver.cpp, line 774]
Event: 4.630 Thread 0x0000029ce4d1f610 Exception <a 'java/lang/NoSuchMethodError'{0x00000000874927e8}: 'int java.lang.invoke.DirectMethodHandle$Holder.invokeStaticInit(java.lang.Object, java.lang.Object, java.lang.Object, java.lang.Object)'> (0x00000000874927e8) 
thrown [s\open\src\hotspot\share\interpreter\linkResolver.cpp, line 774]
Event: 4.652 Thread 0x0000029ce4d1f610 Exception <a 'java/lang/IncompatibleClassChangeError'{0x000000008715a678}: Found class java.lang.Object, but interface was expected> (0x000000008715a678) 
thrown [s\open\src\hotspot\share\interpreter\linkResolver.cpp, line 841]
Event: 4.660 Thread 0x0000029ce4d1f610 Implicit null exception at 0x0000029cf6f38e68 to 0x0000029cf6f390bc
Event: 4.713 Thread 0x0000029ce4d1f610 Exception <a 'java/lang/NoSuchMethodError'{0x0000000086d811e0}: 'java.lang.Object java.lang.invoke.DirectMethodHandle$Holder.newInvokeSpecial(java.lang.Object, java.lang.Object, int, java.lang.Object, java.lang.Object)'> (0x0000000086d811e0) 
thrown [s\open\src\hotspot\share\interpreter\linkResolver.cpp, line 774]
Event: 260.880 Thread 0x0000029cca67dfb0 Exception <a 'java/lang/NoSuchMethodError'{0x00000000869fb508}: 'java.lang.Object java.lang.invoke.DirectMethodHandle$Holder.invokeSpecial(java.lang.Object, java.lang.Object, java.lang.Object, java.lang.Object, java.lang.Object, long)'> (0x00000000869fb508) 
thrown [s\open\src\hotspot\share\interpreter\linkResolver.cpp, line 774]
Event: 260.880 Thread 0x0000029cca67dfb0 Exception <a 'java/lang/NoSuchMethodError'{0x00000000869fecc8}: 'java.lang.Object java.lang.invoke.Invokers$Holder.linkToTargetMethod(java.lang.Object, java.lang.Object, java.lang.Object, long, java.lang.Object)'> (0x00000000869fecc8) 
thrown [s\open\src\hotspot\share\interpreter\linkResolver.cpp, line 774]
Event: 260.949 Thread 0x0000029cca67dfb0 Exception <a 'java/lang/NoSuchMethodError'{0x0000000086795548}: 'java.lang.Object java.lang.invoke.DirectMethodHandle$Holder.invokeStatic(java.lang.Object, int, int)'> (0x0000000086795548) 
thrown [s\open\src\hotspot\share\interpreter\linkResolver.cpp, line 774]

ZGC Phase Switch (0 events):
No events

VM Operations (20 events):
Event: 137.931 Executing VM operation: Cleanup
Event: 137.931 Executing VM operation: Cleanup done
Event: 173.309 Executing VM operation: Cleanup
Event: 173.309 Executing VM operation: Cleanup done
Event: 193.507 Executing VM operation: Cleanup
Event: 193.507 Executing VM operation: Cleanup done
Event: 202.599 Executing VM operation: Cleanup
Event: 202.599 Executing VM operation: Cleanup done
Event: 203.609 Executing VM operation: Cleanup
Event: 203.609 Executing VM operation: Cleanup done
Event: 212.706 Executing VM operation: Cleanup
Event: 212.706 Executing VM operation: Cleanup done
Event: 260.901 Executing VM operation: HandshakeAllThreads (Deoptimize)
Event: 260.901 Executing VM operation: HandshakeAllThreads (Deoptimize) done
Event: 260.901 Executing VM operation: Cleanup
Event: 260.901 Executing VM operation: Cleanup done
Event: 260.982 Executing VM operation: HandshakeAllThreads (Deoptimize)
Event: 260.982 Executing VM operation: HandshakeAllThreads (Deoptimize) done
Event: 260.983 Executing VM operation: HandshakeAllThreads (Deoptimize)
Event: 260.983 Executing VM operation: HandshakeAllThreads (Deoptimize) done

Events (20 events):
Event: 4.475 Thread 0x0000029cffc904e0 flushing nmethod 0x0000029cefac9e10
Event: 4.475 Thread 0x0000029cffc904e0 flushing nmethod 0x0000029cefb06290
Event: 4.475 Thread 0x0000029cffc904e0 flushing nmethod 0x0000029cefb08710
Event: 4.475 Thread 0x0000029cffc904e0 flushing nmethod 0x0000029cefb08b10
Event: 4.475 Thread 0x0000029cffc904e0 flushing nmethod 0x0000029cefb09210
Event: 4.720 Thread 0x0000029cca67dfb0 Thread added: 0x0000029cca67dfb0
Event: 4.720 Thread 0x0000029cca67e640 Thread added: 0x0000029cca67e640
Event: 4.720 Thread 0x0000029cca67ecd0 Thread added: 0x0000029cca67ecd0
Event: 4.720 Thread 0x0000029cca67f9f0 Thread added: 0x0000029cca67f9f0
Event: 4.720 Thread 0x0000029ccd2d5d50 Thread added: 0x0000029ccd2d5d50
Event: 4.720 Thread 0x0000029ccd2d63e0 Thread added: 0x0000029ccd2d63e0
Event: 4.720 Thread 0x0000029ccd2d0800 Thread added: 0x0000029ccd2d0800
Event: 4.720 Thread 0x0000029ccd2cfae0 Thread added: 0x0000029ccd2cfae0
Event: 4.720 Thread 0x0000029ccd2d5030 Thread added: 0x0000029ccd2d5030
Event: 4.720 Thread 0x0000029ccd2d3c80 Thread added: 0x0000029ccd2d3c80
Event: 4.729 Thread 0x0000029ccd2d28d0 Thread added: 0x0000029ccd2d28d0
Event: 4.730 Thread 0x0000029ccd2d7100 Thread added: 0x0000029ccd2d7100
Event: 4.743 Thread 0x0000029ce4d1f610 Thread exited: 0x0000029ce4d1f610
Event: 4.743 Thread 0x0000029ccd2d35f0 Thread added: 0x0000029ccd2d35f0
Event: 8.663 Thread 0x0000029cca67d290 Thread exited: 0x0000029cca67d290


Dynamic libraries:
0x00007ff69d460000 - 0x00007ff69d46e000 	C:\Users\jangi\.jdks\openjdk-22.0.1\bin\java.exe
0x00007ffcb8050000 - 0x00007ffcb8267000 	C:\Windows\SYSTEM32\ntdll.dll
0x00007ffcb7100000 - 0x00007ffcb71c4000 	C:\Windows\System32\KERNEL32.DLL
0x00007ffcb5760000 - 0x00007ffcb5b0d000 	C:\Windows\System32\KERNELBASE.dll
0x00007ffcb5bc0000 - 0x00007ffcb5cd1000 	C:\Windows\System32\ucrtbase.dll
0x00007ffca3bb0000 - 0x00007ffca3bc7000 	C:\Users\jangi\.jdks\openjdk-22.0.1\bin\jli.dll
0x00007ffca4a20000 - 0x00007ffca4a3b000 	C:\Users\jangi\.jdks\openjdk-22.0.1\bin\VCRUNTIME140.dll
0x00007ffcb6e40000 - 0x00007ffcb6fee000 	C:\Windows\System32\USER32.dll
0x00007ffcb54e0000 - 0x00007ffcb5506000 	C:\Windows\System32\win32u.dll
0x00007ffc94cc0000 - 0x00007ffc94f53000 	C:\Windows\WinSxS\amd64_microsoft.windows.common-controls_6595b64144ccf1df_6.0.22621.3672_none_2713b9d173822955\COMCTL32.dll
0x00007ffcb64d0000 - 0x00007ffcb64f9000 	C:\Windows\System32\GDI32.dll
0x00007ffcb6500000 - 0x00007ffcb65a7000 	C:\Windows\System32\msvcrt.dll
0x00007ffcb5510000 - 0x00007ffcb5629000 	C:\Windows\System32\gdi32full.dll
0x00007ffcb5ce0000 - 0x00007ffcb5d7a000 	C:\Windows\System32\msvcp_win.dll
0x00007ffcb7c30000 - 0x00007ffcb7c61000 	C:\Windows\System32\IMM32.DLL
0x00007ffcaf800000 - 0x00007ffcaf80c000 	C:\Users\jangi\.jdks\openjdk-22.0.1\bin\vcruntime140_1.dll
0x00007ffc89010000 - 0x00007ffc8909e000 	C:\Users\jangi\.jdks\openjdk-22.0.1\bin\msvcp140.dll
0x00007ffc48290000 - 0x00007ffc48fd7000 	C:\Users\jangi\.jdks\openjdk-22.0.1\bin\server\jvm.dll
0x00007ffcb5ea0000 - 0x00007ffcb5f52000 	C:\Windows\System32\ADVAPI32.dll
0x00007ffcb7b80000 - 0x00007ffcb7c29000 	C:\Windows\System32\sechost.dll
0x00007ffcb5b90000 - 0x00007ffcb5bb8000 	C:\Windows\System32\bcrypt.dll
0x00007ffcb71d0000 - 0x00007ffcb72e4000 	C:\Windows\System32\RPCRT4.dll
0x00007ffcb7f90000 - 0x00007ffcb8001000 	C:\Windows\System32\WS2_32.dll
0x00007ffcb41d0000 - 0x00007ffcb421d000 	C:\Windows\SYSTEM32\POWRPROF.dll
0x00007ffcac680000 - 0x00007ffcac6b4000 	C:\Windows\SYSTEM32\WINMM.dll
0x00007ffcac950000 - 0x00007ffcac95a000 	C:\Windows\SYSTEM32\VERSION.dll
0x00007ffcb41b0000 - 0x00007ffcb41c3000 	C:\Windows\SYSTEM32\UMPDC.dll
0x00007ffcb4470000 - 0x00007ffcb4488000 	C:\Windows\SYSTEM32\kernel.appcore.dll
0x00007ffca9a40000 - 0x00007ffca9a4a000 	C:\Users\jangi\.jdks\openjdk-22.0.1\bin\jimage.dll
0x00007ffcb2b90000 - 0x00007ffcb2dc2000 	C:\Windows\SYSTEM32\DBGHELP.DLL
0x00007ffcb6140000 - 0x00007ffcb64cd000 	C:\Windows\System32\combase.dll
0x00007ffcb5f60000 - 0x00007ffcb6037000 	C:\Windows\System32\OLEAUT32.dll
0x00007ffca6420000 - 0x00007ffca6452000 	C:\Windows\SYSTEM32\dbgcore.DLL
0x00007ffcb5b10000 - 0x00007ffcb5b8b000 	C:\Windows\System32\bcryptPrimitives.dll
0x00007ffca5e60000 - 0x00007ffca5e6f000 	C:\Users\jangi\.jdks\openjdk-22.0.1\bin\instrument.dll
0x00007ffca3b90000 - 0x00007ffca3bae000 	C:\Users\jangi\.jdks\openjdk-22.0.1\bin\java.dll
0x00007ffcb7310000 - 0x00007ffcb7b77000 	C:\Windows\System32\SHELL32.dll
0x00007ffcb7cd0000 - 0x00007ffcb7e75000 	C:\Windows\System32\ole32.dll
0x00007ffcb3280000 - 0x00007ffcb3b7e000 	C:\Windows\SYSTEM32\windows.storage.dll
0x00007ffcb3140000 - 0x00007ffcb327f000 	C:\Windows\SYSTEM32\wintypes.dll
0x00007ffcb6040000 - 0x00007ffcb6139000 	C:\Windows\System32\SHCORE.dll
0x00007ffcb6710000 - 0x00007ffcb676e000 	C:\Windows\System32\shlwapi.dll
0x00007ffcb52a0000 - 0x00007ffcb52c1000 	C:\Windows\SYSTEM32\profapi.dll
0x00007ffc652b0000 - 0x00007ffc65387000 	C:\Users\jangi\.jdks\openjdk-22.0.1\bin\jsvml.dll
0x00007ffc9b7a0000 - 0x00007ffc9b7b7000 	C:\Users\jangi\.jdks\openjdk-22.0.1\bin\zip.dll
0x00007ffca63c0000 - 0x00007ffca63d0000 	C:\Users\jangi\.jdks\openjdk-22.0.1\bin\net.dll
0x00007ffcb48e0000 - 0x00007ffcb4949000 	C:\Windows\system32\mswsock.dll
0x00007ffca38e0000 - 0x00007ffca38f6000 	C:\Users\jangi\.jdks\openjdk-22.0.1\bin\nio.dll
0x00007ffca4c30000 - 0x00007ffca4c4a000 	C:\Program Files\JetBrains\IntelliJ IDEA Community Edition 2024.1.4\bin\breakgen64.dll
0x00007ffca4bf0000 - 0x00007ffca4bf9000 	C:\Users\jangi\.jdks\openjdk-22.0.1\bin\extnet.dll
0x00007ffca5cd0000 - 0x00007ffca5cdb000 	C:\Users\jangi\.jdks\openjdk-22.0.1\bin\le.dll
0x00007ffca38d0000 - 0x00007ffca38de000 	C:\Users\jangi\.jdks\openjdk-22.0.1\bin\sunmscapi.dll
0x00007ffcb5370000 - 0x00007ffcb54d7000 	C:\Windows\System32\CRYPT32.dll
0x00007ffcb4d00000 - 0x00007ffcb4d2e000 	C:\Windows\SYSTEM32\ncrypt.dll
0x00007ffcb4cc0000 - 0x00007ffcb4cf7000 	C:\Windows\SYSTEM32\NTASN1.dll
0x00007ffcb4b70000 - 0x00007ffcb4b8b000 	C:\Windows\SYSTEM32\CRYPTSP.dll
0x00007ffcb43c0000 - 0x00007ffcb43f5000 	C:\Windows\system32\rsaenh.dll
0x00007ffcb49e0000 - 0x00007ffcb4a08000 	C:\Windows\SYSTEM32\USERENV.dll
0x00007ffcb4b60000 - 0x00007ffcb4b6c000 	C:\Windows\SYSTEM32\CRYPTBASE.dll
0x00007ffcb3e50000 - 0x00007ffcb3e7d000 	C:\Windows\SYSTEM32\IPHLPAPI.DLL
0x00007ffcb70f0000 - 0x00007ffcb70f9000 	C:\Windows\System32\NSI.dll
0x00007ffcac7a0000 - 0x00007ffcac7aa000 	C:\Users\jangi\.jdks\openjdk-22.0.1\bin\management.dll
0x00007ffca5e70000 - 0x00007ffca5e7b000 	C:\Users\jangi\.jdks\openjdk-22.0.1\bin\management_ext.dll
0x00007ffcb7e80000 - 0x00007ffcb7e88000 	C:\Windows\System32\PSAPI.DLL
0x00007ffca4040000 - 0x00007ffca4050000 	C:\Users\jangi\.jdks\openjdk-22.0.1\bin\verify.dll
0x00007ffcb3ec0000 - 0x00007ffcb3fb8000 	C:\Windows\SYSTEM32\DNSAPI.dll
0x00007ffcae090000 - 0x00007ffcae09a000 	C:\Windows\System32\rasadhlp.dll
0x00007ffcad0b0000 - 0x00007ffcad133000 	C:\Windows\System32\fwpuclnt.dll
0x00007ffca37f0000 - 0x00007ffca37f8000 	C:\Windows\system32\wshunix.dll

dbghelp: loaded successfully - version: 4.0.5 - missing functions: none
symbol engine: initialized successfully - sym options: 0x614 - pdb path: .;C:\Users\jangi\.jdks\openjdk-22.0.1\bin;C:\Windows\SYSTEM32;C:\Windows\WinSxS\amd64_microsoft.windows.common-controls_6595b64144ccf1df_6.0.22621.3672_none_2713b9d173822955;C:\Users\jangi\.jdks\openjdk-22.0.1\bin\server;C:\Program Files\JetBrains\IntelliJ IDEA Community Edition 2024.1.4\bin

VM Arguments:
jvm_args: -javaagent:C:\Program Files\JetBrains\IntelliJ IDEA Community Edition 2024.1.4\lib\idea_rt.jar=64370:C:\Program Files\JetBrains\IntelliJ IDEA Community Edition 2024.1.4\bin -Dfile.encoding=UTF-8 -Dsun.stdout.encoding=UTF-8 -Dsun.stderr.encoding=UTF-8 
java_command: com.springSecurity.Spring.security.fundamentals.SpringSecurityFundamentalsApplication
java_class_path (initial): C:\Users\jangi\OneDrive\Documents\Spring Boost Course\Week 5\Spring-security-fundamentals\target\classes;C:\Users\jangi\.m2\repository\org\springframework\boot\spring-boot-starter-data-jpa\3.3.3\spring-boot-starter-data-jpa-3.3.3.jar;C:\Users\jangi\.m2\repository\org\springframework\boot\spring-boot-starter-aop\3.3.3\spring-boot-starter-aop-3.3.3.jar;C:\Users\jangi\.m2\repository\org\aspectj\aspectjweaver\1.9.22.1\aspectjweaver-1.9.22.1.jar;C:\Users\jangi\.m2\repository\org\springframework\boot\spring-boot-starter-jdbc\3.3.3\spring-boot-starter-jdbc-3.3.3.jar;C:\Users\jangi\.m2\repository\com\zaxxer\HikariCP\5.1.0\HikariCP-5.1.0.jar;C:\Users\jangi\.m2\repository\org\springframework\spring-jdbc\6.1.12\spring-jdbc-6.1.12.jar;C:\Users\jangi\.m2\repository\org\hibernate\orm\hibernate-core\6.5.2.Final\hibernate-core-6.5.2.Final.jar;C:\Users\jangi\.m2\repository\jakarta\persistence\jakarta.persistence-api\3.1.0\jakarta.persistence-api-3.1.0.jar;C:\Users\jangi\.m2\repository\jakarta\transaction\jakarta.transaction-api\2.0.1\jakarta.transaction-api-2.0.1.jar;C:\Users\jangi\.m2\repository\org\jboss\logging\jboss-logging\3.5.3.Final\jboss-logging-3.5.3.Final.jar;C:\Users\jangi\.m2\repository\org\hibernate\common\hibernate-commons-annotations\6.0.6.Final\hibernate-commons-annotations-6.0.6.Final.jar;C:\Users\jangi\.m2\repository\io\smallrye\jandex\3.1.2\jandex-3.1.2.jar;C:\Users\jangi\.m2\repository\com\fasterxml\classmate\1.7.0\classmate-1.7.0.jar;C:\Users\jangi\.m2\repository\net\bytebuddy\byte-buddy\1.14.19\byte-buddy-1.14.19.jar;C:\Users\jangi\.m2\repository\org\glassfish\jaxb\jaxb-runtime\4.0.5\jaxb-runtime-4.0.5.jar;C:\Users\jangi\.m2\repository\org\glassfish\jaxb\jaxb-core\4.0.5\jaxb-core-4.0.5.jar;C:\Users\jangi\.m2\repository\org\eclipse\angus\angus-activation\2.0.2\angus-activation-2.0.2.jar;C:\Users\jangi\.m2\repository\org\glassfish\jaxb\txw2\4.0.5\txw2-4.0.5.jar;C:\Users\jangi\.m2\repository\com\sun\istack\istack-commons-runtime\4.1.2\istack-commons-runtime-4.1.2.jar;C:\Users\jangi\.m2\repository\jakarta\inject\jakarta.inject-api\2.0.1\jakarta.inject-api-2.0.1.jar;C:\Users\jangi\.m2\repository\org\antlr\antlr4-runtime\4.13.0\antlr4-runtime-4.13.0.jar;C:\Users\jangi\.m2\repository\org\springframework\data\spring-data-jpa\3.3.3\spring-data-jpa-3.3.3.jar;C:\Users\jangi\.m2\repository\org\springframework\data\spring-data-commons\3.3.3\spring-data-commons-3.3.3.jar;C:\Users\jangi\.m2\repository\org\springframework\spring-orm\6.1.12\spring-orm-6.1.12.jar;C:\Users\jangi\.m2\repository\org\springframework\spring-context\6.1.12\spring-context-6.1.12.jar;C:\Users\jangi\.m2\repository\org\springframework\spring-tx\6.1.12\spring-tx-6.1.12.jar;C:\Users\jangi\.m2\repository\org\springframework\spring-beans\6.1.12\spring-beans-6.1.12.jar;C:\Users\jangi\.m2\repository\jakarta\annotation\jakarta.annotation-api\2.1.1\jakarta.annotation-api-2.1.1.jar;C:\Users\jangi\.m2\repository\org\slf4j\slf4j-api\2.0.16\slf4j-api-2.0.16.jar;C:\Users\jangi\.m2\repository\org\springframework\spring-aspects\6.1.12\spring-aspects-6.1.12.jar;C:\Users\jangi\.m2\repository\org\springframework\boot\spring-boot-starter-security\3.3.3\spring-boot-starter-security-3.3.3.jar;C:\Users\jangi\.m2\repository\org\springframework\boot\spring-boot-starter\3.3.3\spring-boot-starter-3.3.3.jar;C:\Users\jangi\.m2\repository\org\springframework\boot\spring-boot\3.3.3\spring-boot-3.3.3.jar;C:\Users\jangi\.m2\repository\org\springframework\boot\spring-boot-autoconfigure\3.3.3\spring-boot-autoconfigure-3.3.3.jar;C:\Users\jangi\.m2\repository\org\springframework\boot\spring-boot-starter-logging\3.3.3\spring-boot-starter-logging-3.3.3.jar;C:\Users\jangi\.m2\repository\ch\qos\logback\logback-classic\1.5.7\logback-classic-1.5.7.jar;C:\Users\jangi\.m2\repository\ch\qos\logback\logback-core\1.5.7\logback-core-1.5.7.jar;C:\Users\jangi\.m2\repository\org\apache\logging\log4j\log4j-to-slf4j\2.23.1\log4j-to-slf4j-2.23.1.jar;C:\Users\jangi\.m2\repository\org\apache\logging\log4j\log4j-api\2.23.1\log4j-api-2.23.1.jar;C:\Users\jangi\.m2\repository\org\slf4j\jul-to-slf4j\2.0.16\jul-to-slf4j-2.0.16.jar;C:\Users\jangi\.m2\repository\org\yaml\snakeyaml\2.2\snakeyaml-2.2.jar;C:\Users\jangi\.m2\repository\org\springframework\spring-aop\6.1.12\spring-aop-6.1.12.jar;C:\Users\jangi\.m2\repository\org\springframework\security\spring-security-config\6.3.3\spring-security-config-6.3.3.jar;C:\Users\jangi\.m2\repository\org\springframework\security\spring-security-web\6.3.3\spring-security-web-6.3.3.jar;C:\Users\jangi\.m2\repository\org\springframework\spring-expression\6.1.12\spring-expression-6.1.12.jar;C:\Users\jangi\.m2\repository\org\springframework\boot\spring-boot-starter-web\3.3.3\spring-boot-starter-web-3.3.3.jar;C:\Users\jangi\.m2\repository\org\springframework\boot\spring-boot-starter-json\3.3.3\spring-boot-starter-json-3.3.3.jar;C:\Users\jangi\.m2\repository\com\fasterxml\jackson\datatype\jackson-datatype-jdk8\2.17.2\jackson-datatype-jdk8-2.17.2.jar;C:\Users\jangi\.m2\repository\com\fasterxml\jackson\datatype\jackson-datatype-jsr310\2.17.2\jackson-datatype-jsr310-2.17.2.jar;C:\Users\jangi\.m2\repository\com\fasterxml\jackson\module\jackson-module-parameter-names\2.17.2\jackson-module-parameter-names-2.17.2.jar;C:\Users\jangi\.m2\repository\org\springframework\boot\spring-boot-starter-tomcat\3.3.3\spring-boot-starter-tomcat-3.3.3.jar;C:\Users\jangi\.m2\repository\org\apache\tomcat\embed\tomcat-embed-core\10.1.28\tomcat-embed-core-10.1.28.jar;C:\Users\jangi\.m2\repository\org\apache\tomcat\embed\tomcat-embed-el\10.1.28\tomcat-embed-el-10.1.28.jar;C:\Users\jangi\.m2\repository\org\apache\tomcat\embed\tomcat-embed-websocket\10.1.28\tomcat-embed-websocket-10.1.28.jar;C:\Users\jangi\.m2\repository\org\springframework\spring-web\6.1.12\spring-web-6.1.12.jar;C:\Users\jangi\.m2\repository\io\micrometer\micrometer-observation\1.13.3\micrometer-observation-1.13.3.jar;C:\Users\jangi\.m2\repository\io\micrometer\micrometer-commons\1.13.3\micrometer-commons-1.13.3.jar;C:\Users\jangi\.m2\repository\org\springframework\spring-webmvc\6.1.12\spring-webmvc-6.1.12.jar;C:\Users\jangi\.m2\repository\com\mysql\mysql-connector-j\8.3.0\mysql-connector-j-8.3.0.jar;C:\Users\jangi\.m2\repository\org\projectlombok\lombok\1.18.34\lombok-1.18.34.jar;C:\Users\jangi\.m2\repository\jakarta\xml\bind\jakarta.xml.bind-api\4.0.2\jakarta.xml.bind-api-4.0.2.jar;C:\Users\jangi\.m2\repository\jakarta\activation\jakarta.activation-api\2.1.3\jakarta.activation-api-2.1.3.jar;C:\Users\jangi\.m2\repository\net\minidev\json-smart\2.5.1\json-smart-2.5.1.jar;C:\Users\jangi\.m2\repository\net\minidev\accessors-smart\2.5.1\accessors-smart-2.5.1.jar;C:\Users\jangi\.m2\repository\org\ow2\asm\asm\9.6\asm-9.6.jar;C:\Users\jangi\.m2\repository\org\springframework\spring-core\6.1.12\spring-core-6.1.12.jar;C:\Users\jangi\.m2\repository\org\springframework\spring-jcl\6.1.12\spring-jcl-6.1.12.jar;C:\Users\jangi\.m2\repository\org\springframework\security\spring-security-core\6.3.3\spring-security-core-6.3.3.jar;C:\Users\jangi\.m2\repository\org\springframework\security\spring-security-crypto\6.3.3\spring-security-crypto-6.3.3.jar;C:\Users\jangi\.m2\repository\org\modelmapper\modelmapper\3.2.0\modelmapper-3.2.0.jar;C:\Users\jangi\.m2\repository\org\springframework\boot\spring-boot-starter-oauth2-client\3.3.3\spring-boot-starter-oauth2-client-3.3.3.jar;C:\Users\jangi\.m2\repository\org\springframework\security\spring-security-oauth2-client\6.3.3\spring-security-oauth2-client-6.3.3.jar;C:\Users\jangi\.m2\repository\org\springframework\security\spring-security-oauth2-core\6.3.3\spring-security-oauth2-core-6.3.3.jar;C:\Users\jangi\.m2\repository\com\nimbusds\oauth2-oidc-sdk\9.43.4\oauth2-oidc-sdk-9.43.4.jar;C:\Users\jangi\.m2\repository\com\github\stephenc\jcip\jcip-annotations\1.0-1\jcip-annotations-1.0-1.jar;C:\Users\jangi\.m2\repository\com\nimbusds\content-type\2.2\content-type-2.2.jar;C:\Users\jangi\.m2\repository\com\nimbusds\lang-tag\1.7\lang-tag-1.7.jar;C:\Users\jangi\.m2\repository\org\springframework\security\spring-security-oauth2-jose\6.3.3\spring-security-oauth2-jose-6.3.3.jar;C:\Users\jangi\.m2\repository\com\nimbusds\nimbus-jose-jwt\9.37.3\nimbus-jose-jwt-9.37.3.jar;C:\Users\jangi\.m2\repository\io\jsonwebtoken\jjwt-api\0.12.6\jjwt-api-0.12.6.jar;C:\Users\jangi\.m2\repository\io\jsonwebtoken\jjwt-impl\0.12.6\jjwt-impl-0.12.6.jar;C:\Users\jangi\.m2\repository\io\jsonwebtoken\jjwt-jackson\0.12.6\jjwt-jackson-0.12.6.jar;C:\Users\jangi\.m2\repository\com\fasterxml\jackson\core\jackson-databind\2.17.2\jackson-databind-2.17.2.jar;C:\Users\jangi\.m2\repository\com\fasterxml\jackson\core\jackson-annotations\2.17.2\jackson-annotations-2.17.2.jar;C:\Users\jangi\.m2\repository\com\fasterxml\jackson\core\jackson-core\2.17.2\jackson-core-2.17.2.jar
Launcher Type: SUN_STANDARD

[Global flags]
     intx CICompilerCount                          = 4                                         {product} {ergonomic}
     uint ConcGCThreads                            = 3                                         {product} {ergonomic}
     uint G1ConcRefinementThreads                  = 10                                        {product} {ergonomic}
   size_t G1HeapRegionSize                         = 1048576                                   {product} {ergonomic}
   size_t InitialHeapSize                          = 130023424                                 {product} {ergonomic}
   size_t MarkStackSize                            = 4194304                                   {product} {ergonomic}
   size_t MaxHeapSize                              = 2076180480                                {product} {ergonomic}
   size_t MaxNewSize                               = 1245708288                                {product} {ergonomic}
   size_t MinHeapDeltaBytes                        = 1048576                                   {product} {ergonomic}
   size_t MinHeapSize                              = 8388608                                   {product} {ergonomic}
    uintx NonNMethodCodeHeapSize                   = 5839372                                {pd product} {ergonomic}
    uintx NonProfiledCodeHeapSize                  = 122909434                              {pd product} {ergonomic}
    uintx ProfiledCodeHeapSize                     = 122909434                              {pd product} {ergonomic}
    uintx ReservedCodeCacheSize                    = 251658240                              {pd product} {ergonomic}
     bool SegmentedCodeCache                       = true                                      {product} {ergonomic}
   size_t SoftMaxHeapSize                          = 2076180480                             {manageable} {ergonomic}
     bool UseCompressedOops                        = true                           {product lp64_product} {ergonomic}
     bool UseG1GC                                  = true                                      {product} {ergonomic}
     bool UseLargePagesIndividualAllocation        = false                                  {pd product} {ergonomic}

Logging:
Log output configuration:
 #0: stdout all=warning uptime,level,tags foldmultilines=false
 #1: stderr all=off uptime,level,tags foldmultilines=false

Environment Variables:
PATH=C:\ProgramData\Oracle\Java\javapath;C:\Windows\system32;C:\Windows;C:\Windows\System32\Wbem;C:\Windows\System32\WindowsPowerShell\v1.0\;C:\Windows\System32\OpenSSH\;C:\Program Files (x86)\NVIDIA Corporation\PhysX\Common;C:\Program Files\NVIDIA Corporation\NVIDIA NvDLISR;C:\python27;C:\Program Files\Java\jdk-21\bin;C:\Program Files\Git\cmd;C:\Program Files\nodejs\;C:\Program Files (x86)\Microsoft SQL Server\160\Tools\Binn\;C:\Program Files\Microsoft SQL Server\160\Tools\Binn\;C:\Program Files\Microsoft SQL Server\Client SDK\ODBC\170\Tools\Binn\;C:\Program Files\Microsoft SQL Server\160\DTS\Binn\;C:\Program Files\MySQL\MySQL Shell 8.0\bin\;C:\Users\jangi\AppData\Local\Microsoft\WindowsApps;C:\Users\jangi\AppData\Local\Programs\Microsoft VS Code\bin;C:\python27;C:\Program Files\Java\jdk-21\bin;C:\Users\jangi\AppData\Roaming\npm;C:\Users\jangi\AppData\Local\Programs\mongosh\;C:\Program Files (x86)\Google\Cloud SDK
USERNAME=jangi
OS=Windows_NT
PROCESSOR_IDENTIFIER=Intel64 Family 6 Model 141 Stepping 1, GenuineIntel
TMP=C:\Users\jangi\AppData\Local\Temp
TEMP=C:\Users\jangi\AppData\Local\Temp




Periodic native trim disabled

---------------  S Y S T E M  ---------------

OS:
 Windows 11 , 64 bit Build 22621 (10.0.22621.3958)
OS uptime: 27 days 10:03 hours
Hyper-V role detected

CPU: total 12 (initial active 12) (6 cores per cpu, 2 threads per core) family 6 model 141 stepping 1 microcode 0x34, cx8, cmov, fxsr, ht, mmx, 3dnowpref, sse, sse2, sse3, ssse3, sse4.1, sse4.2, popcnt, lzcnt, tsc, tscinvbit, avx, avx2, aes, erms, clmul, bmi1, bmi2, adx, avx512f, avx512dq, avx512cd, avx512bw, avx512vl, sha, fma, vzeroupper, avx512_vpopcntdq, avx512_vpclmulqdq, avx512_vaes, avx512_vnni, clflush, clflushopt, clwb, avx512_vbmi2, avx512_vbmi, hv, rdtscp, rdpid, fsrm, gfni, avx512_bitalg, f16c, cet_ibt, cet_ss, avx512_ifma
Processor Information for all 12 processors :
  Max Mhz: 2688, Current Mhz: 2688, Mhz Limit: 2688

Memory: 4k page, system-wide physical 7913M (177M free)
TotalPageFile size 32489M (AvailPageFile size 1M)
current process WorkingSet (physical memory assigned to process): 236M, peak: 243M
current process commit charge ("private bytes"): 275M, peak: 282M

vm_info: OpenJDK 64-Bit Server VM (22.0.1+8-16) for windows-amd64 JRE (22.0.1+8-16), built on 2024-03-12T10:33:16Z by "mach5one" with MS VC++ 17.6 (VS2022)

END.
